#
# A fatal error has been detected by the Java Runtime Environment:
#
#  SIGILL (0x4) at pc=0x00007ff81a068dd7, pid=3777, tid=0x0000000000001603
#
# JRE version: OpenJDK Runtime Environment (8.0_392-b08) (build 1.8.0_392-b08)
# Java VM: OpenJDK 64-Bit Server VM (25.392-b08 mixed mode bsd-amd64 compressed oops)
# Problematic frame:
# C  [libdispatch.dylib+0x4dd7]  _dispatch_assert_queue_fail+0x63
#
# Failed to write core dump. Core dumps have been disabled. To enable core dumping, try "ulimit -c unlimited" before starting Java again
#
# If you would like to submit a bug report, please visit:
#   https://github.com/corretto/corretto-8/issues/
# The crash happened outside the Java Virtual Machine in native code.
# See problematic frame for where to report the bug.
#

---------------  T H R E A D  ---------------

Current thread (0x00007fe902809000):  JavaThread "main" [_thread_in_native, id=5635, stack(0x0000700009950000,0x0000700009a50000)]

siginfo: si_signo: 4 (SIGILL), si_code: 1 (ILL_ILLOPC), si_addr: 0x00007ff81a068dd7

Registers:
RAX=0x511cc148436400d9, RBX=0x0000600003cf8300, RCX=0x000000008143bffb, RDX=0x000000008163c008
RSP=0x0000700009a4eb90, RBP=0x0000700009a4eba0, RSI=0x0000600003cf8380, RDI=0x00000000000007fb
R8 =0x0000000000000380, R9 =0x0000000000000080, R10=0x00000000000007fb, R11=0x000000000000007f
R12=0x00006000012ad760, R13=0x00000001255fdfb8, R14=0x0000700009a4eca8, R15=0x0000000000000000
RIP=0x00007ff81a068dd7, EFLAGS=0x0000000000010202, ERR=0x0000000000000000
  TRAPNO=0x0000000000000006

Top of Stack: (sp=0x0000700009a4eb90)
0x0000700009a4eb90:   0000600003cf8300 00000001255fdfb8
0x0000700009a4eba0:   0000700009a4ebb0 00007ff81a068d74
0x0000700009a4ebb0:   0000700009a4ec60 00007ff822f948d1
0x0000700009a4ebc0:   0000700009a4ec40 000000010634e0fa
0x0000700009a4ebd0:   0000000000000000 0000000000000000
0x0000700009a4ebe0:   0000000000000000 0000000000000000
0x0000700009a4ebf0:   0000000000000000 0000000000000000
0x0000700009a4ec00:   0000000000000000 0000000000000000
0x0000700009a4ec10:   0000000000000113 00000001067d0290
0x0000700009a4ec20:   0000700009a4ec58 00000001256111e8
0x0000700009a4ec30:   00007fe902809000 00000001255fdfb8
0x0000700009a4ec40:   00006000012ad760 00000001255fdfb8
0x0000700009a4ec50:   0000700009a4eca8 0000000000000134
0x0000700009a4ec60:   0000700009a4ec90 00007ff822f96dce
0x0000700009a4ec70:   00000001255fdfb8 00007ff85c03cf48
0x0000700009a4ec80:   00006000012ad760 00007fe902809000
0x0000700009a4ec90:   0000700009a4ecd0 00007ff822f96c96
0x0000700009a4eca0:   00006000031b7820 0000000000000000
0x0000700009a4ecb0:   00000001255fdfb8 0000000000000000
0x0000700009a4ecc0:   0000700009a4ee50 00007fe902809000
0x0000700009a4ecd0:   0000700009a4ed30 0000000125719e4f
0x0000700009a4ece0:   0000700009a4ed50 00000001063b9cfe
0x0000700009a4ecf0:   0000700009a4ed30 00007ff822fa777e
0x0000700009a4ed00:   00006000031b7820 00000001255fdfb8
0x0000700009a4ed10:   0000000000000000 00000001255fdfb8
0x0000700009a4ed20:   00006000012ad760 00000001255fdfb8
0x0000700009a4ed30:   0000700009a4ed50 0000000125719e08
0x0000700009a4ed40:   0000700009a4ee50 00006000012ad760
0x0000700009a4ed50:   0000700009a4ed90 0000000125718303
0x0000700009a4ed60:   00000001063b9c39 0000700009a4ee48
0x0000700009a4ed70:   00007fe902809260 000000012571a72e
0x0000700009a4ed80:   0000000125720368 0000000000000000 

Instructions: (pc=0x00007ff81a068dd7)
0x00007ff81a068db7:   e8 26 1c 03 00 48 8b 1b 48 8d 3d ef 4a 03 00 48
0x00007ff81a068dc7:   89 de 31 c0 e8 ba ce 02 00 48 89 1d 51 77 92 41
0x00007ff81a068dd7:   0f 0b 55 48 89 e5 48 8b 07 0f b6 40 28 48 8d 48
0x00007ff81a068de7:   ef 48 83 f9 02 73 70 48 8b 47 38 65 33 04 25 18 

Register to memory mapping:

RAX=0x511cc148436400d9 is an unknown value
RBX=0x0000600003cf8300 is an unknown value
RCX=0x000000008143bffb is an unknown value
RDX=0x000000008163c008 is an unknown value
RSP=0x0000700009a4eb90 is pointing into the stack for thread: 0x00007fe902809000
RBP=0x0000700009a4eba0 is pointing into the stack for thread: 0x00007fe902809000
RSI=0x0000600003cf8380 is an unknown value
RDI=0x00000000000007fb is an unknown value
R8 =0x0000000000000380 is an unknown value
R9 =0x0000000000000080 is an unknown value
R10=0x00000000000007fb is an unknown value
R11=0x000000000000007f is an unknown value
R12=0x00006000012ad760 is an unknown value
R13={method} {0x00000001255fdfb8} 'initIDs0' '()Z' in 'jogamp/newt/driver/macosx/WindowDriver'
R14=0x0000700009a4eca8 is pointing into the stack for thread: 0x00007fe902809000
R15=0x0000000000000000 is an unknown value


Stack: [0x0000700009950000,0x0000700009a50000],  sp=0x0000700009a4eb90,  free space=1018k
Native frames: (J=compiled Java code, j=interpreted, Vv=VM code, C=native code)
C  [libdispatch.dylib+0x4dd7]  _dispatch_assert_queue_fail+0x63
C  [libdispatch.dylib+0x4d74]  _dispatch_assert_queue_fail+0x0
C  [HIToolbox+0x308d1]  islGetInputSourceListWithAdditions+0x77
C  [HIToolbox+0x32dce]  isValidateInputSourceRef+0x5a
C  [HIToolbox+0x32c96]  TSMGetInputSourceProperty+0x1e
C  [libnewt.jnilib+0xae4f]  NewtCommon_ReleaseJNIEnv+0x469f
C  [libnewt.jnilib+0xae08]  NewtCommon_ReleaseJNIEnv+0x4658
C  [libnewt.jnilib+0x9303]  NewtCommon_ReleaseJNIEnv+0x2b53
C  [libnewt.jnilib+0x31c1]  Java_jogamp_newt_driver_macosx_WindowDriver_initIDs0+0x1a1
j  jogamp.newt.driver.macosx.WindowDriver.initIDs0()Z+0
j  jogamp.newt.driver.macosx.DisplayDriver.<clinit>()V+20
v  ~StubRoutines::call_stub
V  [libjvm.dylib+0x2c38c0]  JavaCalls::call_helper(JavaValue*, methodHandle*, JavaCallArguments*, Thread*)+0x712
V  [libjvm.dylib+0x28ca92]  InstanceKlass::call_class_initializer_impl(instanceKlassHandle, Thread*)+0xba
V  [libjvm.dylib+0x28b904]  InstanceKlass::initialize_impl(instanceKlassHandle, Thread*)+0x47a
V  [libjvm.dylib+0x28b476]  InstanceKlass::initialize(Thread*)+0x3a
V  [libjvm.dylib+0x329637]  find_class_from_class_loader(JNIEnv_*, Symbol*, unsigned char, Handle, Handle, unsigned char, Thread*)+0x60
V  [libjvm.dylib+0x3297f9]  JVM_FindClassFromCaller+0x1a7
C  [libjava.dylib+0x30cf]  Java_java_lang_Class_forName0+0x12a
j  java.lang.Class.forName0(Ljava/lang/String;ZLjava/lang/ClassLoader;Ljava/lang/Class;)Ljava/lang/Class;+0
j  java.lang.Class.forName(Ljava/lang/String;)Ljava/lang/Class;+11
j  com.jogamp.newt.NewtFactory.getCustomClass(Ljava/lang/String;Ljava/lang/String;)Ljava/lang/Class;+76
j  jogamp.newt.DisplayImpl.getDisplayClass(Ljava/lang/String;)Ljava/lang/Class;+3
j  jogamp.newt.DisplayImpl.create(Ljava/lang/String;Ljava/lang/String;JZ)Lcom/jogamp/newt/Display;+1
j  com.jogamp.newt.NewtFactory.createDisplay(Ljava/lang/String;Z)Lcom/jogamp/newt/Display;+7
j  com.jogamp.newt.NewtFactory.createDisplay(Ljava/lang/String;)Lcom/jogamp/newt/Display;+2
j  processing.opengl.PSurfaceJOGL.initDisplay()V+2
j  processing.opengl.PSurfaceJOGL.initFrame(Lprocessing/core/PApplet;)V+10
j  processing.core.PApplet.initSurface()Lprocessing/core/PSurface;+46
j  processing.core.PApplet.runSketch([Ljava/lang/String;Lprocessing/core/PApplet;)V+820
j  processing.core.PApplet.main(Ljava/lang/String;[Ljava/lang/String;)V+21
j  fontsAPP.Trivio002.main([Ljava/lang/String;)V+3
v  ~StubRoutines::call_stub
V  [libjvm.dylib+0x2c38c0]  JavaCalls::call_helper(JavaValue*, methodHandle*, JavaCallArguments*, Thread*)+0x712
V  [libjvm.dylib+0x2fff29]  jni_invoke_static(JNIEnv_*, JavaValue*, _jobject*, JNICallType, _jmethodID*, JNI_ArgumentPusher*, Thread*)+0x266
V  [libjvm.dylib+0x3028cf]  jni_CallStaticVoidMethod+0x174
C  [java+0x666b]  JavaMain+0x9d3
C  [libsystem_pthread.dylib+0x64e1]  _pthread_start+0x7d
C  [libsystem_pthread.dylib+0x1f6b]  thread_start+0xf
C  0x0000000000000000

Java frames: (J=compiled Java code, j=interpreted, Vv=VM code)
j  jogamp.newt.driver.macosx.WindowDriver.initIDs0()Z+0
j  jogamp.newt.driver.macosx.DisplayDriver.<clinit>()V+20
v  ~StubRoutines::call_stub
j  java.lang.Class.forName0(Ljava/lang/String;ZLjava/lang/ClassLoader;Ljava/lang/Class;)Ljava/lang/Class;+0
j  java.lang.Class.forName(Ljava/lang/String;)Ljava/lang/Class;+11
j  com.jogamp.newt.NewtFactory.getCustomClass(Ljava/lang/String;Ljava/lang/String;)Ljava/lang/Class;+76
j  jogamp.newt.DisplayImpl.getDisplayClass(Ljava/lang/String;)Ljava/lang/Class;+3
j  jogamp.newt.DisplayImpl.create(Ljava/lang/String;Ljava/lang/String;JZ)Lcom/jogamp/newt/Display;+1
j  com.jogamp.newt.NewtFactory.createDisplay(Ljava/lang/String;Z)Lcom/jogamp/newt/Display;+7
j  com.jogamp.newt.NewtFactory.createDisplay(Ljava/lang/String;)Lcom/jogamp/newt/Display;+2
j  processing.opengl.PSurfaceJOGL.initDisplay()V+2
j  processing.opengl.PSurfaceJOGL.initFrame(Lprocessing/core/PApplet;)V+10
j  processing.core.PApplet.initSurface()Lprocessing/core/PSurface;+46
j  processing.core.PApplet.runSketch([Ljava/lang/String;Lprocessing/core/PApplet;)V+820
j  processing.core.PApplet.main(Ljava/lang/String;[Ljava/lang/String;)V+21
j  fontsAPP.Trivio002.main([Ljava/lang/String;)V+3
v  ~StubRoutines::call_stub

---------------  P R O C E S S  ---------------

Java Threads: ( => current thread )
  0x00007fe90295e000 JavaThread "AWT-EventQueue-0" [_thread_blocked, id=75531, stack(0x000070000b3aa000,0x000070000b4aa000)]
  0x00007fe90220d800 JavaThread "Java2D Disposer" daemon [_thread_blocked, id=78083, stack(0x000070000b2a7000,0x000070000b3a7000)]
  0x00007fe903096800 JavaThread "Java2D Queue Flusher" daemon [_thread_blocked, id=50183, stack(0x000070000b1a4000,0x000070000b2a4000)]
  0x00007fe90217a800 JavaThread "AWT-Shutdown" [_thread_blocked, id=27907, stack(0x000070000ad8f000,0x000070000ae8f000)]
  0x00007fe903066800 JavaThread "AWT-AppKit" daemon [_thread_in_native, id=259, stack(0x00007ff7ba55a000,0x00007ff7bad5a000)]
  0x00007fe903034000 JavaThread "Service Thread" daemon [_thread_blocked, id=16387, stack(0x000070000ab89000,0x000070000ac89000)]
  0x00007fe902060800 JavaThread "C1 CompilerThread3" daemon [_thread_blocked, id=15619, stack(0x000070000aa86000,0x000070000ab86000)]
  0x00007fe900816000 JavaThread "C2 CompilerThread2" daemon [_thread_in_native, id=15107, stack(0x000070000a983000,0x000070000aa83000)]
  0x00007fe902060000 JavaThread "C2 CompilerThread1" daemon [_thread_blocked, id=16899, stack(0x000070000a880000,0x000070000a980000)]
  0x00007fe902819000 JavaThread "C2 CompilerThread0" daemon [_thread_blocked, id=14339, stack(0x000070000a77d000,0x000070000a87d000)]
  0x00007fe902813000 JavaThread "Signal Dispatcher" daemon [_thread_blocked, id=17155, stack(0x000070000a67a000,0x000070000a77a000)]
  0x00007fe902026000 JavaThread "Finalizer" daemon [_thread_blocked, id=19459, stack(0x000070000a471000,0x000070000a571000)]
  0x00007fe902023000 JavaThread "Reference Handler" daemon [_thread_blocked, id=12803, stack(0x000070000a36e000,0x000070000a46e000)]
=>0x00007fe902809000 JavaThread "main" [_thread_in_native, id=5635, stack(0x0000700009950000,0x0000700009a50000)]

Other Threads:
  0x00007fe90201c800 VMThread [stack: 0x000070000a26b000,0x000070000a36b000] [id=12291]
  0x00007fe90303c800 WatcherThread [stack: 0x000070000ac8c000,0x000070000ad8c000] [id=15875]

VM state:not at safepoint (normal execution)

VM Mutex/Monitor currently owned by a thread: None

heap address: 0x0000000740000000, size: 2048 MB, Compressed Oops mode: Zero based, Oop shift amount: 3
Narrow klass base: 0x0000000000000000, Narrow klass shift: 3
Compressed class space size: 1073741824 Address: 0x00000007c0000000

Heap:
 PSYoungGen      total 38400K, used 16882K [0x0000000795580000, 0x0000000798000000, 0x00000007c0000000)
  eden space 33280K, 50% used [0x0000000795580000,0x00000007965fcbb8,0x0000000797600000)
  from space 5120K, 0% used [0x0000000797b00000,0x0000000797b00000,0x0000000798000000)
  to   space 5120K, 0% used [0x0000000797600000,0x0000000797600000,0x0000000797b00000)
 ParOldGen       total 87552K, used 0K [0x0000000740000000, 0x0000000745580000, 0x0000000795580000)
  object space 87552K, 0% used [0x0000000740000000,0x0000000740000000,0x0000000745580000)
 Metaspace       used 10821K, capacity 11026K, committed 11264K, reserved 1058816K
  class space    used 1154K, capacity 1244K, committed 1280K, reserved 1048576K

Card table byte_map: [0x0000000105796000,0x0000000105b97000] byte_map_base: 0x0000000101d96000

Marking Bits: (ParMarkBitMap*) 0x00000001067afde8
 Begin Bits: [0x0000000119bd3000, 0x000000011bbd3000)
 End Bits:   [0x000000011bbd3000, 0x000000011dbd3000)

Polling page: 0x00000001052ec000

CodeCache: size=245760Kb used=2356Kb max_used=2369Kb free=243403Kb
 bounds [0x000000010abd3000, 0x000000010ae43000, 0x0000000119bd3000]
 total_blobs=1029 nmethods=500 adapters=443
 compilation: enabled

Compilation events (10 events):
Event: 1.382 Thread 0x00007fe902819000 nmethod 496 0x000000010adade90 code [0x000000010adadfc0, 0x000000010adadff8]
Event: 1.387 Thread 0x00007fe902060000 nmethod 495% 0x000000010ae18ad0 code [0x000000010ae18c40, 0x000000010ae19058]
Event: 1.388 Thread 0x00007fe900816000  497   !   4       sun.misc.URLClassPath$JarLoader::getResource (85 bytes)
Event: 1.389 Thread 0x00007fe902060800  498       3       java.io.UnixFileSystem::getBooleanAttributes (49 bytes)
Event: 1.389 Thread 0x00007fe902060800 nmethod 498 0x000000010ae18110 code [0x000000010ae182c0, 0x000000010ae18848]
Event: 1.397 Thread 0x00007fe902819000  499       4       java.lang.String::indexOf (166 bytes)
Event: 1.397 Thread 0x00007fe902060800  500       3       java.util.zip.ZipEntry::<init> (146 bytes)
Event: 1.398 Thread 0x00007fe902060800 nmethod 500 0x000000010ae1db50 code [0x000000010ae1dce0, 0x000000010ae1e128]
Event: 1.399 Thread 0x00007fe902060800  501       3       java.util.zip.ZipFile::getZipEntry (251 bytes)
Event: 1.400 Thread 0x00007fe902060800 nmethod 501 0x000000010ae1c8d0 code [0x000000010ae1cb20, 0x000000010ae1d708]

GC Heap History (0 events):
No events

Deoptimization events (2 events):
Event: 0.070 Thread 0x00007fe902809000 Uncommon trap: reason=unstable_if action=reinterpret pc=0x000000010aced058 method=java.lang.String.hashCode()I @ 14
Event: 0.531 Thread 0x00007fe902809000 Uncommon trap: reason=unstable_if action=reinterpret pc=0x000000010ad8c378 method=java.lang.String.indexOf([CII[CIII)I @ 3

Classes redefined (0 events):
No events

Internal exceptions (10 events):
Event: 0.095 Thread 0x00007fe902809000 Exception <a 'java/security/PrivilegedActionException'> (0x00000007957a10d0) thrown at [/Users/ec2-user/workspace/Corretto8/macos/x64/build/Corretto8Src/installers/mac/tar/corretto-build/buildRoot/hotspot/src/share/vm/prims/jvm.cpp, line 1514]
Event: 0.129 Thread 0x00007fe902809000 Exception <a 'java/lang/NoSuchFieldError': method resolution failed> (0x0000000795870d60) thrown at [/Users/ec2-user/workspace/Corretto8/macos/x64/build/Corretto8Src/installers/mac/tar/corretto-build/buildRoot/hotspot/src/share/vm/prims/methodHandles.cpp,
Event: 0.130 Thread 0x00007fe902809000 Exception <a 'java/lang/NoSuchFieldError': method resolution failed> (0x000000079587e130) thrown at [/Users/ec2-user/workspace/Corretto8/macos/x64/build/Corretto8Src/installers/mac/tar/corretto-build/buildRoot/hotspot/src/share/vm/prims/methodHandles.cpp,
Event: 0.308 Thread 0x00007fe902809000 Exception <a 'java/io/FileNotFoundException'> (0x00000007958f7d38) thrown at [/Users/ec2-user/workspace/Corretto8/macos/x64/build/Corretto8Src/installers/mac/tar/corretto-build/buildRoot/hotspot/src/share/vm/prims/jni.cpp, line 709]
Event: 0.309 Thread 0x00007fe902809000 Exception <a 'java/io/FileNotFoundException'> (0x00000007958f8998) thrown at [/Users/ec2-user/workspace/Corretto8/macos/x64/build/Corretto8Src/installers/mac/tar/corretto-build/buildRoot/hotspot/src/share/vm/prims/jni.cpp, line 709]
Event: 0.324 Thread 0x00007fe902809000 Exception <a 'java/io/FileNotFoundException'> (0x0000000795911980) thrown at [/Users/ec2-user/workspace/Corretto8/macos/x64/build/Corretto8Src/installers/mac/tar/corretto-build/buildRoot/hotspot/src/share/vm/prims/jni.cpp, line 709]
Event: 0.363 Thread 0x00007fe903066800 Exception <a 'java/lang/ClassNotFoundException': sun/dc/DuctusRenderingEngine> (0x0000000795970e70) thrown at [/Users/ec2-user/workspace/Corretto8/macos/x64/build/Corretto8Src/installers/mac/tar/corretto-build/buildRoot/hotspot/src/share/vm/classfile/syst
Event: 0.548 Thread 0x00007fe902809000 Exception <a 'java/io/FileNotFoundException'> (0x0000000796229410) thrown at [/Users/ec2-user/workspace/Corretto8/macos/x64/build/Corretto8Src/installers/mac/tar/corretto-build/buildRoot/hotspot/src/share/vm/prims/jni.cpp, line 709]
Event: 0.550 Thread 0x00007fe902809000 Exception <a 'java/lang/UnsatisfiedLinkError': com.jogamp.common.util.JarUtil.fixNativeLibAttribs(Ljava/lang/String;)Z> (0x0000000796246f28) thrown at [/Users/ec2-user/workspace/Corretto8/macos/x64/build/Corretto8Src/installers/mac/tar/corretto-build/buil
Event: 0.788 Thread 0x00007fe902809000 Exception <a 'java/io/FileNotFoundException'> (0x00000007962b0440) thrown at [/Users/ec2-user/workspace/Corretto8/macos/x64/build/Corretto8Src/installers/mac/tar/corretto-build/buildRoot/hotspot/src/share/vm/prims/jni.cpp, line 709]

Events (10 events):
Event: 1.398 loading class com/jogamp/newt/event/InputEvent$InputClass
Event: 1.398 loading class com/jogamp/newt/event/InputEvent$InputClass done
Event: 1.398 loading class com/jogamp/common/util/Bitfield$Factory
Event: 1.398 loading class com/jogamp/common/util/Bitfield$Factory done
Event: 1.398 loading class com/jogamp/common/util/Bitfield
Event: 1.399 loading class com/jogamp/common/util/Bitfield done
Event: 1.399 loading class jogamp/common/util/Int32Bitfield
Event: 1.399 loading class jogamp/common/util/Int32Bitfield done
Event: 1.400 loading class jogamp/common/util/SyncedBitfield
Event: 1.400 loading class jogamp/common/util/SyncedBitfield done


Dynamic libraries:
0x00007ff83108a000 	/System/Library/Frameworks/Cocoa.framework/Versions/A/Cocoa
0x00007ff81ccde000 	/System/Library/Frameworks/AppKit.framework/Versions/C/AppKit
0x00007ff8201f5000 	/System/Library/Frameworks/CoreData.framework/Versions/A/CoreData
0x00007ff81b0e1000 	/System/Library/Frameworks/Foundation.framework/Versions/C/Foundation
0x00007ff825018000 	/usr/lib/libSystem.B.dylib
0x00007ff81db6e000 	/System/Library/PrivateFrameworks/UIFoundation.framework/Versions/A/UIFoundation
0x00007ff82af8b000 	/System/Library/PrivateFrameworks/RemoteViewServices.framework/Versions/A/RemoteViewServices
0x00007ff82326c000 	/System/Library/PrivateFrameworks/XCTTargetBootstrap.framework/Versions/A/XCTTargetBootstrap
0x00007ff826e21000 	/System/Library/PrivateFrameworks/InternationalSupport.framework/Versions/A/InternationalSupport
0x00007ff826eab000 	/System/Library/PrivateFrameworks/UserActivity.framework/Versions/A/UserActivity
0x00007ff8261ff000 	/usr/lib/libspindump.dylib
0x00007ff81ddfd000 	/System/Library/Frameworks/UniformTypeIdentifiers.framework/Versions/A/UniformTypeIdentifiers
0x00007ff821990000 	/usr/lib/libapp_launch_measurement.dylib
0x00007ff820bc7000 	/System/Library/PrivateFrameworks/CoreAnalytics.framework/Versions/A/CoreAnalytics
0x00007ff821993000 	/System/Library/PrivateFrameworks/CoreAutoLayout.framework/Versions/A/CoreAutoLayout
0x00007ff822bc3000 	/System/Library/Frameworks/Metal.framework/Versions/A/Metal
0x00007ff8238f2000 	/usr/lib/liblangid.dylib
0x00007ff823271000 	/System/Library/PrivateFrameworks/CoreSVG.framework/Versions/A/CoreSVG
0x00007ff81f1e9000 	/System/Library/PrivateFrameworks/SkyLight.framework/Versions/A/SkyLight
0x00007ff81f588000 	/System/Library/Frameworks/CoreGraphics.framework/Versions/A/CoreGraphics
0x00007ff82b64b000 	/System/Library/Frameworks/Accelerate.framework/Versions/A/Accelerate
0x00007ff825c7e000 	/System/Library/PrivateFrameworks/IconServices.framework/Versions/A/IconServices
0x00007ff822ba8000 	/System/Library/Frameworks/IOSurface.framework/Versions/A/IOSurface
0x00007ff820bf5000 	/usr/lib/libDiagnosticMessagesClient.dylib
0x00007ff824f38000 	/usr/lib/libz.1.dylib
0x00007ff82ed2e000 	/System/Library/Frameworks/ApplicationServices.framework/Versions/A/ApplicationServices
0x00007ff823258000 	/System/Library/PrivateFrameworks/DFRFoundation.framework/Versions/A/DFRFoundation
0x00007ff81c5c6000 	/usr/lib/libicucore.A.dylib
0x00007ff827c17000 	/System/Library/Frameworks/AudioToolbox.framework/Versions/A/AudioToolbox
0x00007ff826e2d000 	/System/Library/PrivateFrameworks/DataDetectorsCore.framework/Versions/A/DataDetectorsCore
0x00007ff923328000 	/System/Library/PrivateFrameworks/TextInput.framework/Versions/A/TextInput
0x00007ff81f16c000 	/usr/lib/libMobileGestalt.dylib
0x00007ff822f64000 	/System/Library/Frameworks/Carbon.framework/Versions/A/Frameworks/HIToolbox.framework/Versions/A/HIToolbox
0x00007ff821392000 	/System/Library/Frameworks/QuartzCore.framework/Versions/A/QuartzCore
0x00007ff81c26b000 	/System/Library/Frameworks/Security.framework/Versions/A/Security
0x00007ff82afc3000 	/System/Library/Frameworks/Carbon.framework/Versions/A/Frameworks/SpeechRecognition.framework/Versions/A/SpeechRecognition
0x00007ff8216f0000 	/System/Library/PrivateFrameworks/CoreUI.framework/Versions/A/CoreUI
0x00007ff81bb35000 	/System/Library/Frameworks/CoreAudio.framework/Versions/A/CoreAudio
0x00007ff820ce4000 	/System/Library/Frameworks/DiskArbitration.framework/Versions/A/DiskArbitration
0x00007ff8265ed000 	/System/Library/PrivateFrameworks/MultitouchSupport.framework/Versions/A/MultitouchSupport
0x00007ff81f16b000 	/usr/lib/libenergytrace.dylib
0x00007ff81cbca000 	/System/Library/Frameworks/IOKit.framework/Versions/A/IOKit
0x00007ff82b3b3000 	/System/Library/Frameworks/CoreServices.framework/Versions/A/CoreServices
0x00007ff82192a000 	/System/Library/PrivateFrameworks/PerformanceAnalysis.framework/Versions/A/PerformanceAnalysis
0x00007ffa3300a000 	/System/Library/Frameworks/OpenGL.framework/Versions/A/OpenGL
0x00007ff824554000 	/System/Library/PrivateFrameworks/MobileKeyBag.framework/Versions/A/MobileKeyBag
0x00007ff81a0ab000 	/usr/lib/libobjc.A.dylib
0x00007ff81fc54000 	/System/Library/Frameworks/ColorSync.framework/Versions/A/ColorSync
0x00007ff81a265000 	/System/Library/Frameworks/CoreFoundation.framework/Versions/A/CoreFoundation
0x00007ff8234e8000 	/System/Library/Frameworks/CoreImage.framework/Versions/A/CoreImage
0x00007ff81b949000 	/System/Library/Frameworks/CoreText.framework/Versions/A/CoreText
0x00007ff8232a1000 	/System/Library/Frameworks/ImageIO.framework/Versions/A/ImageIO
0x00007ff82501e000 	/System/Library/PrivateFrameworks/SoftLinking.framework/Versions/A/SoftLinking
0x00007ff8219db000 	/usr/lib/libxml2.2.dylib
0x00007ff81a171000 	/usr/lib/libc++.1.dylib
0x00007ff8252a2000 	/usr/lib/libcompression.dylib
0x00007ff826d54000 	/System/Library/PrivateFrameworks/TextureIO.framework/Versions/A/TextureIO
0x00007ff825990000 	/usr/lib/libate.dylib
0x00007ff825013000 	/usr/lib/system/libcache.dylib
0x00007ff824fcf000 	/usr/lib/system/libcommonCrypto.dylib
0x00007ff824ff8000 	/usr/lib/system/libcompiler_rt.dylib
0x00007ff824fee000 	/usr/lib/system/libcopyfile.dylib
0x00007ff819fa6000 	/usr/lib/system/libcorecrypto.dylib
0x00007ff81a064000 	/usr/lib/system/libdispatch.dylib
0x00007ff81a224000 	/usr/lib/system/libdyld.dylib
0x00007ff82500a000 	/usr/lib/system/libkeymgr.dylib
0x00007ff824fad000 	/usr/lib/system/libmacho.dylib
0x00007ff82462e000 	/usr/lib/system/libquarantine.dylib
0x00007ff825008000 	/usr/lib/system/libremovefile.dylib
0x00007ff81f1b9000 	/usr/lib/system/libsystem_asl.dylib
0x00007ff819f4f000 	/usr/lib/system/libsystem_blocks.dylib
0x00007ff81a0e8000 	/usr/lib/system/libsystem_c.dylib
0x00007ff825000000 	/usr/lib/system/libsystem_collections.dylib
0x00007ff8238e2000 	/usr/lib/system/libsystem_configuration.dylib
0x00007ff822b8b000 	/usr/lib/system/libsystem_containermanager.dylib
0x00007ff824ce5000 	/usr/lib/system/libsystem_coreservices.dylib
0x00007ff81c85a000 	/usr/lib/system/libsystem_darwin.dylib
0x00007ff82500b000 	/usr/lib/system/libsystem_dnssd.dylib
0x00007ff81a0e5000 	/usr/lib/system/libsystem_featureflags.dylib
0x00007ff81a23a000 	/usr/lib/system/libsystem_info.dylib
0x00007ff824f4b000 	/usr/lib/system/libsystem_m.dylib
0x00007ff81a038000 	/usr/lib/system/libsystem_malloc.dylib
0x00007ff81f154000 	/usr/lib/system/libsystem_networkextension.dylib
0x00007ff81cc80000 	/usr/lib/system/libsystem_notify.dylib
0x00007ff82b288000 	/usr/lib/system/libsystem_product_info_filter.dylib
0x00007ff8238e6000 	/usr/lib/system/libsystem_sandbox.dylib
0x00007ff825005000 	/usr/lib/system/libsystem_secinit.dylib
0x00007ff81a1e0000 	/usr/lib/system/libsystem_kernel.dylib
0x00007ff81a230000 	/usr/lib/system/libsystem_platform.dylib
0x00007ff81a218000 	/usr/lib/system/libsystem_pthread.dylib
0x00007ff820a07000 	/usr/lib/system/libsystem_symptoms.dylib
0x00007ff819f8d000 	/usr/lib/system/libsystem_trace.dylib
0x00007ff824fdb000 	/usr/lib/system/libunwind.dylib
0x00007ff819f51000 	/usr/lib/system/libxpc.dylib
0x00007ff81a1ca000 	/usr/lib/libc++abi.dylib
0x00007ff824fe6000 	/usr/lib/liboah.dylib
0x00007ff82576c000 	/usr/lib/liblzma.5.dylib
0x00007ff81adf3000 	/System/Library/Frameworks/SystemConfiguration.framework/Versions/A/SystemConfiguration
0x00007ff82501a000 	/usr/lib/libfakelink.dylib
0x00007ff81ecc4000 	/System/Library/Frameworks/CFNetwork.framework/Versions/A/CFNetwork
0x00007ff82515b000 	/usr/lib/libarchive.2.dylib
0x00007ff8238ee000 	/System/Library/PrivateFrameworks/AppleSystemInfo.framework/Versions/A/AppleSystemInfo
0x00007ff824655000 	/usr/lib/libbsm.0.dylib
0x00007ff81e2d3000 	/usr/lib/libnetwork.dylib
0x00007ff824fb3000 	/usr/lib/system/libkxld.dylib
0x00007ff824288000 	/System/Library/PrivateFrameworks/IOMobileFramebuffer.framework/Versions/A/IOMobileFramebuffer
0x00007ffb329d9000 	/usr/lib/libCoreEntitlements.dylib
0x00007ff824cc7000 	/System/Library/PrivateFrameworks/AppleFSCompression.framework/Versions/A/AppleFSCompression
0x00007ff82463d000 	/usr/lib/libcoretls.dylib
0x00007ff825786000 	/usr/lib/libcoretls_cfhelpers.dylib
0x00007ff82529d000 	/usr/lib/libpam.2.dylib
0x00007ff820626000 	/usr/lib/libsqlite3.dylib
0x00007ff8257f5000 	/usr/lib/libxar.1.dylib
0x00007ff824cd7000 	/usr/lib/libbz2.1.0.dylib
0x00007ff82501f000 	/usr/lib/libpcap.A.dylib
0x00007ff8209ff000 	/usr/lib/libdns_services.dylib
0x00007ff82526d000 	/usr/lib/libapple_nghttp2.dylib
0x00007ff825059000 	/usr/lib/libiconv.2.dylib
0x00007ff824fac000 	/usr/lib/libcharset.1.dylib
0x00007ff82195e000 	/System/Library/Frameworks/CoreServices.framework/Versions/A/Frameworks/FSEvents.framework/Versions/A/FSEvents
0x00007ff81c864000 	/System/Library/Frameworks/CoreServices.framework/Versions/A/Frameworks/CarbonCore.framework/Versions/A/CarbonCore
0x00007ff820c48000 	/System/Library/Frameworks/CoreServices.framework/Versions/A/Frameworks/Metadata.framework/Versions/A/Metadata
0x00007ff824cea000 	/System/Library/Frameworks/CoreServices.framework/Versions/A/Frameworks/OSServices.framework/Versions/A/OSServices
0x00007ff8251e2000 	/System/Library/Frameworks/CoreServices.framework/Versions/A/Frameworks/SearchKit.framework/Versions/A/SearchKit
0x00007ff820991000 	/System/Library/Frameworks/CoreServices.framework/Versions/A/Frameworks/AE.framework/Versions/A/AE
0x00007ff81a768000 	/System/Library/Frameworks/CoreServices.framework/Versions/A/Frameworks/LaunchServices.framework/Versions/A/LaunchServices
0x00007ff82571d000 	/System/Library/Frameworks/CoreServices.framework/Versions/A/Frameworks/DictionaryServices.framework/Versions/A/DictionaryServices
0x00007ff82196b000 	/System/Library/Frameworks/CoreServices.framework/Versions/A/Frameworks/SharedFileList.framework/Versions/A/SharedFileList
0x00007ff824631000 	/usr/lib/libCheckFix.dylib
0x00007ff81f1d0000 	/System/Library/PrivateFrameworks/TCC.framework/Versions/A/TCC
0x00007ff8238f4000 	/System/Library/PrivateFrameworks/CoreNLP.framework/Versions/A/CoreNLP
0x00007ff820bf8000 	/System/Library/PrivateFrameworks/MetadataUtilities.framework/Versions/A/MetadataUtilities
0x00007ff81aea4000 	/usr/lib/libmecabra.dylib
0x00007ff824665000 	/usr/lib/libmecab.dylib
0x00007ff81ae6f000 	/usr/lib/libCRFSuite.dylib
0x00007ff8246bf000 	/usr/lib/libgermantok.dylib
0x00007ff825248000 	/usr/lib/libThaiTokenizer.dylib
0x00007ff820ceb000 	/System/Library/Frameworks/Accelerate.framework/Versions/A/Frameworks/vImage.framework/Versions/A/vImage
0x00007ff82b38a000 	/System/Library/Frameworks/Accelerate.framework/Versions/A/Frameworks/vecLib.framework/Versions/A/vecLib
0x00007ff825836000 	/System/Library/Frameworks/Accelerate.framework/Versions/A/Frameworks/vecLib.framework/Versions/A/libvMisc.dylib
0x00007ff8240b3000 	/System/Library/Frameworks/Accelerate.framework/Versions/A/Frameworks/vecLib.framework/Versions/A/libvDSP.dylib
0x00007ff81aae3000 	/System/Library/Frameworks/Accelerate.framework/Versions/A/Frameworks/vecLib.framework/Versions/A/libBLAS.dylib
0x00007ff82537f000 	/System/Library/Frameworks/Accelerate.framework/Versions/A/Frameworks/vecLib.framework/Versions/A/libLAPACK.dylib
0x00007ff8246c2000 	/System/Library/Frameworks/Accelerate.framework/Versions/A/Frameworks/vecLib.framework/Versions/A/libLinearAlgebra.dylib
0x00007ff825285000 	/System/Library/Frameworks/Accelerate.framework/Versions/A/Frameworks/vecLib.framework/Versions/A/libSparseBLAS.dylib
0x00007ff825379000 	/System/Library/Frameworks/Accelerate.framework/Versions/A/Frameworks/vecLib.framework/Versions/A/libQuadrature.dylib
0x00007ff8239df000 	/System/Library/Frameworks/Accelerate.framework/Versions/A/Frameworks/vecLib.framework/Versions/A/libBNNS.dylib
0x00007ff81ad7d000 	/System/Library/Frameworks/Accelerate.framework/Versions/A/Frameworks/vecLib.framework/Versions/A/libSparse.dylib
0x00007ff8239d8000 	/System/Library/PrivateFrameworks/LinguisticData.framework/Versions/A/LinguisticData
0x00007ff81ad33000 	/System/Library/PrivateFrameworks/Lexicon.framework/Versions/A/Lexicon
0x00007ff82582f000 	/usr/lib/libChineseTokenizer.dylib
0x00007ff81b49e000 	/System/Library/PrivateFrameworks/LanguageModeling.framework/Versions/A/LanguageModeling
0x00007ff82524a000 	/System/Library/PrivateFrameworks/AppleSauce.framework/Versions/A/AppleSauce
0x00007ff824276000 	/System/Library/PrivateFrameworks/CoreEmoji.framework/Versions/A/CoreEmoji
0x00007ff82514a000 	/usr/lib/libcmph.dylib
0x00007ff821942000 	/System/Library/Frameworks/OpenDirectory.framework/Versions/A/Frameworks/CFOpenDirectory.framework/Versions/A/CFOpenDirectory
0x00007ff821936000 	/System/Library/Frameworks/OpenDirectory.framework/Versions/A/OpenDirectory
0x00007ff825788000 	/System/Library/PrivateFrameworks/APFS.framework/Versions/A/APFS
0x00007ff82458c000 	/System/Library/Frameworks/SecurityFoundation.framework/Versions/A/SecurityFoundation
0x00007ff825803000 	/usr/lib/libutil.dylib
0x00007ff81cb8e000 	/System/Library/PrivateFrameworks/CoreServicesStore.framework/Versions/A/CoreServicesStore
0x00007ff825807000 	/usr/lib/libxslt.1.dylib
0x00007ff824619000 	/System/Library/PrivateFrameworks/BackgroundTaskManagement.framework/Versions/A/BackgroundTaskManagement
0x00007ff826c74000 	/System/Library/Frameworks/ImageIO.framework/Versions/A/Resources/libRadiance.dylib
0x00007ff826c7d000 	/System/Library/Frameworks/ImageIO.framework/Versions/A/Resources/libJPEG.dylib
0x00007ff826bcc000 	/System/Library/Frameworks/ImageIO.framework/Versions/A/Resources/libPng.dylib
0x00007ff826bed000 	/System/Library/Frameworks/ImageIO.framework/Versions/A/Resources/libTIFF.dylib
0x00007ff826cdd000 	/System/Library/Frameworks/ImageIO.framework/Versions/A/Resources/libGIF.dylib
0x00007ff826507000 	/System/Library/Frameworks/ImageIO.framework/Versions/A/Resources/libJP2.dylib
0x00007ff825c45000 	/usr/lib/libexpat.1.dylib
0x00007ff8264bc000 	/System/Library/PrivateFrameworks/AppleJPEG.framework/Versions/A/AppleJPEG
0x00007ff822e28000 	/System/Library/PrivateFrameworks/FontServices.framework/libFontParser.dylib
0x00007ff82093b000 	/System/Library/PrivateFrameworks/RunningBoardServices.framework/Versions/A/RunningBoardServices
0x00007ff831645000 	/System/Library/PrivateFrameworks/IOSurfaceAccelerator.framework/Versions/A/IOSurfaceAccelerator
0x00007ff8265e9000 	/System/Library/PrivateFrameworks/WatchdogClient.framework/Versions/A/WatchdogClient
0x00007ff81b58c000 	/System/Library/Frameworks/CoreDisplay.framework/Versions/A/CoreDisplay
0x00007ff822d26000 	/System/Library/Frameworks/CoreMedia.framework/Versions/A/CoreMedia
0x00007ff822bba000 	/System/Library/PrivateFrameworks/IOAccelerator.framework/Versions/A/IOAccelerator
0x00007ff821abf000 	/System/Library/Frameworks/CoreVideo.framework/Versions/A/CoreVideo
0x00007ff82529b000 	/System/Library/Frameworks/MetalPerformanceShaders.framework/Versions/A/MetalPerformanceShaders
0x00007ff826626000 	/System/Library/Frameworks/VideoToolbox.framework/Versions/A/VideoToolbox
0x00007ff820885000 	/System/Library/PrivateFrameworks/BaseBoard.framework/Versions/A/BaseBoard
0x00007ff82060c000 	/System/Library/PrivateFrameworks/ProtocolBuffer.framework/Versions/A/ProtocolBuffer
0x00007ff826c6d000 	/System/Library/PrivateFrameworks/GPUWrangler.framework/Versions/A/GPUWrangler
0x00007ff826c51000 	/System/Library/PrivateFrameworks/IOPresentment.framework/Versions/A/IOPresentment
0x00007ff826c77000 	/System/Library/PrivateFrameworks/DSExternalDisplay.framework/Versions/A/DSExternalDisplay
0x00007ffa32ffe000 	/System/Library/Frameworks/OpenGL.framework/Versions/A/Libraries/libCoreFSCache.dylib
0x00007ffb200d5000 	/System/Library/PrivateFrameworks/GPUCompiler.framework/Versions/31001/Libraries/libGPUCompilerUtils.dylib
0x00007ff826ce2000 	/System/Library/PrivateFrameworks/CMCaptureCore.framework/Versions/A/CMCaptureCore
0x00007ff8261ed000 	/System/Library/PrivateFrameworks/AppServerSupport.framework/Versions/A/AppServerSupport
0x00007ff8284b0000 	/System/Library/PrivateFrameworks/perfdata.framework/Versions/A/perfdata
0x00007ff81b6b8000 	/System/Library/PrivateFrameworks/AudioToolboxCore.framework/Versions/A/AudioToolboxCore
0x00007ff822d04000 	/System/Library/PrivateFrameworks/caulk.framework/Versions/A/caulk
0x00007ff827dc2000 	/usr/lib/libAudioStatistics.dylib
0x00007ff91fab6000 	/System/Library/PrivateFrameworks/SystemPolicy.framework/Versions/A/SystemPolicy
0x00007ff82801d000 	/usr/lib/libSMC.dylib
0x00007ff830f3d000 	/System/Library/Frameworks/CoreMIDI.framework/Versions/A/CoreMIDI
0x00007ff826b9b000 	/usr/lib/libAudioToolboxUtility.dylib
0x00007ff91bce2000 	/System/Library/PrivateFrameworks/OSAServicesClient.framework/Versions/A/OSAServicesClient
0x00007ff8284bd000 	/usr/lib/libperfcheck.dylib
0x00007ff920563000 	/usr/lib/libmis.dylib
0x00007ffa33059000 	/System/Library/Frameworks/OpenGL.framework/Versions/A/Libraries/libGLU.dylib
0x00007ffa3301d000 	/System/Library/Frameworks/OpenGL.framework/Versions/A/Libraries/libGFXShared.dylib
0x00007ffa33226000 	/System/Library/Frameworks/OpenGL.framework/Versions/A/Libraries/libGL.dylib
0x00007ffa33026000 	/System/Library/Frameworks/OpenGL.framework/Versions/A/Libraries/libGLImage.dylib
0x00007ffa3301a000 	/System/Library/Frameworks/OpenGL.framework/Versions/A/Libraries/libCVMSPluginSupport.dylib
0x00007ffa33005000 	/System/Library/Frameworks/OpenGL.framework/Versions/A/Libraries/libCoreVMClient.dylib
0x00007ff823870000 	/System/Library/Frameworks/MetalPerformanceShaders.framework/Versions/A/Frameworks/MPSCore.framework/Versions/A/MPSCore
0x00007ff824c32000 	/System/Library/Frameworks/MetalPerformanceShaders.framework/Versions/A/Frameworks/MPSImage.framework/Versions/A/MPSImage
0x00007ff8246d8000 	/System/Library/Frameworks/MetalPerformanceShaders.framework/Versions/A/Frameworks/MPSNeuralNetwork.framework/Versions/A/MPSNeuralNetwork
0x00007ff824b4c000 	/System/Library/Frameworks/MetalPerformanceShaders.framework/Versions/A/Frameworks/MPSMatrix.framework/Versions/A/MPSMatrix
0x00007ff824907000 	/System/Library/Frameworks/MetalPerformanceShaders.framework/Versions/A/Frameworks/MPSRayIntersector.framework/Versions/A/MPSRayIntersector
0x00007ff824b84000 	/System/Library/Frameworks/MetalPerformanceShaders.framework/Versions/A/Frameworks/MPSNDArray.framework/Versions/A/MPSNDArray
0x00007ffa38ade000 	/System/Library/Frameworks/MetalPerformanceShaders.framework/Versions/A/Frameworks/MPSFunctions.framework/Versions/A/MPSFunctions
0x00007ff81a9bf000 	/System/Library/PrivateFrameworks/MetalTools.framework/Versions/A/MetalTools
0x00007ff8238ec000 	/System/Library/PrivateFrameworks/AggregateDictionary.framework/Versions/A/AggregateDictionary
0x00007ff825a27000 	/usr/lib/libIOReport.dylib
0x00007ffa34635000 	/System/Library/Frameworks/OpenCL.framework/Versions/A/OpenCL
0x00007ff825d8b000 	/System/Library/PrivateFrameworks/FaceCore.framework/Versions/A/FaceCore
0x00007ff825d7c000 	/System/Library/PrivateFrameworks/GraphVisualizer.framework/Versions/A/GraphVisualizer
0x00007ffb1ffe0000 	/System/Library/PrivateFrameworks/FontServices.framework/Versions/A/FontServices
0x00007ff8261a5000 	/System/Library/PrivateFrameworks/OTSVG.framework/Versions/A/OTSVG
0x00007ff8216a5000 	/System/Library/Frameworks/ApplicationServices.framework/Versions/A/Frameworks/ATS.framework/Versions/A/Resources/libFontRegistry.dylib
0x00007ff8261f5000 	/System/Library/PrivateFrameworks/FontServices.framework/libhvf.dylib
0x00007ffb1ffe1000 	/System/Library/PrivateFrameworks/FontServices.framework/libXTFontStaticRegistryData.dylib
0x00007ff825bf5000 	/System/Library/PrivateFrameworks/AppleVA.framework/Versions/A/AppleVA
0x00007ff827de2000 	/System/Library/Frameworks/ApplicationServices.framework/Versions/A/Frameworks/ATS.framework/Versions/A/ATS
0x00007ff81fd52000 	/System/Library/Frameworks/ApplicationServices.framework/Versions/A/Frameworks/HIServices.framework/Versions/A/HIServices
0x00007ff826cec000 	/System/Library/Frameworks/ApplicationServices.framework/Versions/A/Frameworks/PrintCore.framework/Versions/A/PrintCore
0x00007ff828170000 	/System/Library/Frameworks/ApplicationServices.framework/Versions/A/Frameworks/QD.framework/Versions/A/QD
0x00007ff828168000 	/System/Library/Frameworks/ApplicationServices.framework/Versions/A/Frameworks/ColorSyncLegacy.framework/Versions/A/ColorSyncLegacy
0x00007ff827dd2000 	/System/Library/Frameworks/ApplicationServices.framework/Versions/A/Frameworks/SpeechSynthesis.framework/Versions/A/SpeechSynthesis
0x00007ff826cad000 	/System/Library/Frameworks/ApplicationServices.framework/Versions/A/Frameworks/ATSUI.framework/Versions/A/ATSUI
0x00007ff8280fd000 	/usr/lib/libcups.2.dylib
0x00007ff8284cc000 	/System/Library/Frameworks/Kerberos.framework/Versions/A/Kerberos
0x00007ff8284db000 	/System/Library/Frameworks/GSS.framework/Versions/A/GSS
0x00007ff827e4e000 	/usr/lib/libresolv.9.dylib
0x00007ff826204000 	/System/Library/PrivateFrameworks/Heimdal.framework/Versions/A/Heimdal
0x00007ff82f0c0000 	/System/Library/Frameworks/Kerberos.framework/Versions/A/Libraries/libHeimdalProxy.dylib
0x00007ff820a0f000 	/System/Library/Frameworks/Network.framework/Versions/A/Network
0x00007ff825c5f000 	/usr/lib/libheimdal-asn1.dylib
0x00007ff828526000 	/System/Library/PrivateFrameworks/CommonAuth.framework/Versions/A/CommonAuth
0x00007ff827d54000 	/System/Library/PrivateFrameworks/AudioSession.framework/Versions/A/AudioSession
0x00007ff825cef000 	/System/Library/PrivateFrameworks/MediaExperience.framework/Versions/A/MediaExperience
0x00007ff827be6000 	/System/Library/PrivateFrameworks/AudioSession.framework/libSessionUtility.dylib
0x00007ff82817c000 	/System/Library/PrivateFrameworks/AudioResourceArbitration.framework/Versions/A/AudioResourceArbitration
0x00007ff82c1fd000 	/System/Library/PrivateFrameworks/PowerLog.framework/Versions/A/PowerLog
0x00007ff825c68000 	/System/Library/PrivateFrameworks/IconFoundation.framework/Versions/A/IconFoundation
0x00007ff82afb3000 	/System/Library/PrivateFrameworks/SpeechRecognitionCore.framework/Versions/A/SpeechRecognitionCore
0x00000001060c0000 	/Users/usuario/Library/Java/JavaVirtualMachines/corretto-1.8.0_392/Contents/Home/jre/lib/server/libjvm.dylib
0x00000001052ff000 	/Users/usuario/Library/Java/JavaVirtualMachines/corretto-1.8.0_392/Contents/Home/jre/lib/libverify.dylib
0x000000010535d000 	/Users/usuario/Library/Java/JavaVirtualMachines/corretto-1.8.0_392/Contents/Home/jre/lib/libjava.dylib
0x00000001053be000 	/Users/usuario/Library/Java/JavaVirtualMachines/corretto-1.8.0_392/Contents/Home/jre/lib/libzip.dylib
0x0000000106064000 	/Users/usuario/Library/Java/JavaVirtualMachines/corretto-1.8.0_392/Contents/Home/jre/lib/libnio.dylib
0x0000000109861000 	/Users/usuario/Library/Java/JavaVirtualMachines/corretto-1.8.0_392/Contents/Home/jre/lib/libnet.dylib
0x0000000109928000 	/Users/usuario/Library/Java/JavaVirtualMachines/corretto-1.8.0_392/Contents/Home/jre/lib/libawt.dylib
0x0000000109aaf000 	/Users/usuario/Library/Java/JavaVirtualMachines/corretto-1.8.0_392/Contents/Home/jre/lib/libmlib_image.dylib
0x00007ffa38a3b000 	/System/Library/Frameworks/JavaNativeFoundation.framework/Versions/A/JavaNativeFoundation
0x00007ffa38a47000 	/System/Library/Frameworks/JavaRuntimeSupport.framework/Versions/A/JavaRuntimeSupport
0x00007ff91f5da000 	/System/Library/Frameworks/Carbon.framework/Versions/A/Carbon
0x00007ff82d477000 	/System/Library/PrivateFrameworks/CoreSymbolication.framework/Versions/A/CoreSymbolication
0x00007ff8329dc000 	/System/Library/Frameworks/Carbon.framework/Versions/A/Frameworks/CommonPanels.framework/Versions/A/CommonPanels
0x00007ff82eaac000 	/System/Library/Frameworks/Carbon.framework/Versions/A/Frameworks/Help.framework/Versions/A/Help
0x00007ff8329e0000 	/System/Library/Frameworks/Carbon.framework/Versions/A/Frameworks/ImageCapture.framework/Versions/A/ImageCapture
0x00007ff8329b0000 	/System/Library/Frameworks/Carbon.framework/Versions/A/Frameworks/OpenScripting.framework/Versions/A/OpenScripting
0x00007ff8329d8000 	/System/Library/Frameworks/Carbon.framework/Versions/A/Frameworks/Ink.framework/Versions/A/Ink
0x00007ff91f5d6000 	/System/Library/Frameworks/Carbon.framework/Versions/A/Frameworks/Print.framework/Versions/A/Print
0x00007ff8329d4000 	/System/Library/Frameworks/Carbon.framework/Versions/A/Frameworks/SecurityHI.framework/Versions/A/SecurityHI
0x00007ff82d43c000 	/System/Library/PrivateFrameworks/DebugSymbols.framework/Versions/A/DebugSymbols
0x0000000109c55000 	/Users/usuario/Library/Java/JavaVirtualMachines/corretto-1.8.0_392/Contents/Home/jre/lib/libawt_lwawt.dylib
0x0000000109889000 	/Users/usuario/Library/Java/JavaVirtualMachines/corretto-1.8.0_392/Contents/Home/jre/lib/libosxapp.dylib
0x00007ff91e8a4000 	/System/Library/Frameworks/ExceptionHandling.framework/Versions/A/ExceptionHandling
0x00007ff81cb50000 	/System/Library/PrivateFrameworks/CoreServicesInternal.framework/Versions/A/CoreServicesInternal
0x00007ff82c7ee000 	/System/Library/Frameworks/FileProvider.framework/Versions/A/FileProvider
0x00007ff8207f2000 	/System/Library/Frameworks/Accounts.framework/Versions/A/Accounts
0x00007ff82c967000 	/System/Library/PrivateFrameworks/GenerationalStorage.framework/Versions/A/GenerationalStorage
0x00007ff82c1f2000 	/System/Library/PrivateFrameworks/SymptomDiagnosticReporter.framework/Versions/A/SymptomDiagnosticReporter
0x00007ff81de11000 	/System/Library/PrivateFrameworks/DesktopServicesPriv.framework/Versions/A/DesktopServicesPriv
0x00007ff81cc8f000 	/usr/lib/libsandbox.1.dylib
0x00007ff821b3e000 	/System/Library/PrivateFrameworks/UserManagement.framework/Versions/A/UserManagement
0x00007ff82815d000 	/System/Library/PrivateFrameworks/NetAuth.framework/Versions/A/NetAuth
0x00007ff82906c000 	/System/Library/PrivateFrameworks/Sharing.framework/Versions/A/Sharing
0x00007ff821b11000 	/System/Library/PrivateFrameworks/login.framework/Versions/A/Frameworks/loginsupport.framework/Versions/A/loginsupport
0x00007ff82e5da000 	/System/Library/PrivateFrameworks/Apple80211.framework/Versions/A/Apple80211
0x00007ff824d17000 	/System/Library/PrivateFrameworks/AuthKit.framework/Versions/A/AuthKit
0x00007ff82436c000 	/System/Library/PrivateFrameworks/CoreUtils.framework/Versions/A/CoreUtils
0x00007ff824293000 	/System/Library/Frameworks/CoreWLAN.framework/Versions/A/CoreWLAN
0x00007ff8291cb000 	/System/Library/Frameworks/IOBluetooth.framework/Versions/A/IOBluetooth
0x00007ff82e642000 	/System/Library/PrivateFrameworks/CoreWiFi.framework/Versions/A/CoreWiFi
0x00007ff82d011000 	/System/Library/PrivateFrameworks/FrontBoardServices.framework/Versions/A/FrontBoardServices
0x00007ff82d0a2000 	/System/Library/PrivateFrameworks/BoardServices.framework/Versions/A/BoardServices
0x00007ff82457b000 	/System/Library/PrivateFrameworks/AssertionServices.framework/Versions/A/AssertionServices
0x00007ff82e7c5000 	/System/Library/PrivateFrameworks/BackBoardServices.framework/Versions/A/BackBoardServices
0x00007ff8285b7000 	/System/Library/PrivateFrameworks/CorePhoneNumbers.framework/Versions/A/CorePhoneNumbers
0x00007ff827e7b000 	/System/Library/PrivateFrameworks/MultiverseSupport.framework/Versions/A/MultiverseSupport
0x00007ff82ea39000 	/System/Library/PrivateFrameworks/RemoteServiceDiscovery.framework/Versions/A/RemoteServiceDiscovery
0x00007ff82c30f000 	/System/Library/PrivateFrameworks/DiskManagement.framework/Versions/A/DiskManagement
0x00007ff82c223000 	/System/Library/PrivateFrameworks/AppleIDAuthSupport.framework/Versions/A/AppleIDAuthSupport
0x00007ffb1a95b000 	/System/Library/PrivateFrameworks/AAAFoundation.framework/Versions/A/AAAFoundation
0x00007ff828598000 	/System/Library/PrivateFrameworks/KeychainCircle.framework/Versions/A/KeychainCircle
0x00007ff82ea49000 	/System/Library/PrivateFrameworks/RemoteXPC.framework/Versions/A/RemoteXPC
0x00007ff82c2db000 	/System/Library/PrivateFrameworks/MediaKit.framework/Versions/A/MediaKit
0x00007ff82c22f000 	/System/Library/Frameworks/DiscRecording.framework/Versions/A/DiscRecording
0x00007ff825b6d000 	/usr/lib/libCoreStorage.dylib
0x00007ff82eab4000 	/usr/lib/libcsfde.dylib
0x00007ff829298000 	/System/Library/PrivateFrameworks/ProtectedCloudStorage.framework/Versions/A/ProtectedCloudStorage
0x00007ff82eab0000 	/System/Library/PrivateFrameworks/EFILogin.framework/Versions/A/EFILogin
0x00007ff82c98d000 	/System/Library/PrivateFrameworks/OctagonTrust.framework/Versions/A/OctagonTrust
0x00007ffb1f243000 	/System/Library/PrivateFrameworks/CoreUtilsExtras.framework/Versions/A/CoreUtilsExtras
0x00007ff82c156000 	/System/Library/Frameworks/CoreBluetooth.framework/Versions/A/CoreBluetooth
0x00007ff82f145000 	/System/Library/Frameworks/AudioUnit.framework/Versions/A/AudioUnit
0x00007ff825b65000 	/usr/lib/libMatch.1.dylib
0x00007ff92735e000 	/System/Library/CoreServices/RawCamera.bundle/Contents/MacOS/RawCamera
0x00007ff828536000 	/System/Library/PrivateFrameworks/MobileAsset.framework/Versions/A/MobileAsset
0x00007ff82f16c000 	/System/Library/PrivateFrameworks/StreamingZip.framework/Versions/A/StreamingZip
0x00007ffb1c537000 	/System/Library/PrivateFrameworks/CMPhoto.framework/Versions/A/CMPhoto
0x00007ff82d312000 	/System/Library/PrivateFrameworks/AppleVPA.framework/Versions/A/AppleVPA
0x00007ff826f16000 	/System/Library/Frameworks/MediaToolbox.framework/Versions/A/MediaToolbox
0x00007ff82c7be000 	/System/Library/PrivateFrameworks/CoreAVCHD.framework/Versions/A/CoreAVCHD
0x00007ff82b693000 	/System/Library/Frameworks/MediaAccessibility.framework/Versions/A/MediaAccessibility
0x00007ff82c7ba000 	/System/Library/PrivateFrameworks/Mangrove.framework/Versions/A/Mangrove
0x00007ff82b69e000 	/System/Library/PrivateFrameworks/AlgosScoreFramework.framework/Versions/A/AlgosScoreFramework
0x00007ff82c3ff000 	/System/Library/PrivateFrameworks/CoreAUC.framework/Versions/A/CoreAUC
0x00007ff924b87000 	/System/Library/Frameworks/Accelerate.framework/Versions/A/Frameworks/vImage.framework/Versions/A/Libraries/libCGInterfaces.dylib
0x0000000109a96000 	/usr/lib/libobjc-trampolines.dylib
0x00007ff821836000 	/System/Library/PrivateFrameworks/ViewBridge.framework/Versions/A/ViewBridge
0x00007ff825a30000 	/System/Library/PrivateFrameworks/CrashReporterSupport.framework/Versions/A/CrashReporterSupport
0x00007ff92c59f000 	/System/Library/PrivateFrameworks/OSAnalytics.framework/Versions/A/OSAnalytics
0x00007ff937751000 	/System/Library/PrivateFrameworks/Symbolication.framework/Versions/A/Symbolication
0x00007ff920540000 	/System/Library/PrivateFrameworks/MallocStackLogging.framework/Versions/A/MallocStackLogging
0x0000000124aba000 	/Users/usuario/Library/Java/JavaVirtualMachines/corretto-1.8.0_392/Contents/Home/jre/lib/libfontmanager.dylib
0x0000000124c1e000 	/Users/usuario/Library/Java/JavaVirtualMachines/corretto-1.8.0_392/Contents/Home/jre/lib/libfreetype.dylib.6
0x00007ffa33231000 	/System/Library/Frameworks/OpenGL.framework/Versions/A/Resources/GLEngine.bundle/GLEngine
0x00007ffa33097000 	/System/Library/Frameworks/OpenGL.framework/Versions/A/Libraries/libGLProgrammability.dylib
0x00007ffa2bf23000 	/System/Library/Extensions/AppleIntelICLGraphicsGLDriver.bundle/Contents/MacOS/AppleIntelICLGraphicsGLDriver
0x00007ff92a6fe000 	/System/Library/PrivateFrameworks/GPUSupport.framework/Versions/A/Libraries/libGPUSupportMercury.dylib
0x00007ffa333bb000 	/System/Library/Frameworks/OpenGL.framework/Versions/A/Resources/GLRendererFloat.bundle/GLRendererFloat
0x00007ff8262bb000 	/System/Library/PrivateFrameworks/login.framework/Versions/A/login
0x00000001256be000 	/private/var/folders/m0/psn_26j16p58z3kqpvydk3p80000gn/T/jogamp_0000/file_cache/jln9154582751201960441/jln3737190481930070149/natives/macosx-universal/libgluegen-rt.jnilib
0x00000001256c2000 	/private/var/folders/m0/psn_26j16p58z3kqpvydk3p80000gn/T/jogamp_0000/file_cache/jln9154582751201960441/jln3737190481930070149/natives/macosx-universal/libnativewindow_awt.jnilib
0x00000001256d3000 	/Users/usuario/Library/Java/JavaVirtualMachines/corretto-1.8.0_392/Contents/Home/jre/lib/libjawt.dylib
0x00000001256c5000 	/private/var/folders/m0/psn_26j16p58z3kqpvydk3p80000gn/T/jogamp_0000/file_cache/jln9154582751201960441/jln3737190481930070149/natives/macosx-universal/libnativewindow_macosx.jnilib
0x000000012570f000 	/private/var/folders/m0/psn_26j16p58z3kqpvydk3p80000gn/T/jogamp_0000/file_cache/jln9154582751201960441/jln3737190481930070149/natives/macosx-universal/libnewt.jnilib

VM Arguments:
jvm_args: -Dfile.encoding=UTF-8 -Duser.country=ES -Duser.language=es -Duser.variant 
java_command: fontsAPP.Trivio002
java_class_path (initial): /Users/usuario/Desktop/proc-19b499587704347cdbb9944cbfedba6c8e9b93b1/build/classes/java/main:/Users/usuario/Desktop/proc-19b499587704347cdbb9944cbfedba6c8e9b93b1/build/resources/main:/Users/usuario/.gradle/caches/modules-2/files-2.1/org.processing/core/3.3.7/6e0983fb0841935eaa3386395e712d609856ab90/core-3.3.7.jar:/Users/usuario/.gradle/caches/modules-2/files-2.1/org.jogamp.gluegen/gluegen-rt-main/2.3.2/6a86a9ce357c085e3052efcf639447f9957b82b8/gluegen-rt-main-2.3.2.jar:/Users/usuario/.gradle/caches/modules-2/files-2.1/org.jogamp.jogl/jogl/2.3.2/99e731771477fe0e142a65d77f9398b83755ec07/jogl-2.3.2.jar:/Users/usuario/.gradle/caches/modules-2/files-2.1/org.jogamp.jogl/jogl-all-main/2.3.2/6a86a9ce357c085e3052efcf639447f9957b82b8/jogl-all-main-2.3.2.jar:/Users/usuario/.gradle/caches/modules-2/files-2.1/org.jogamp.jogl/newt-main/2.3.2/6a86a9ce357c085e3052efcf639447f9957b82b8/newt-main-2.3.2.jar:/Users/usuario/.gradle/caches/modules-2/files-2.1/org.jogamp.jogl/nativewindow-main/2.3.2/6a86a9ce357c085e3052efcf639447f9957b82b8/nativewindow-main-2.3.2.jar:/Users/usuario/.gradle/caches/modules-2/files-2.1/org.jogamp.gluegen/gluegen-rt/2.3.2/edc35ccfc13d4a4ad02c50d580874c18bf48bbef/gluegen-rt-2.3.2.jar:/Users/usuario/.gradle/caches/modules-2/files-2.1/org.jogamp.gluegen/gluegen-rt/2.3.2/4c104c7aef98cda5c404eacb96b1a4e04fe0dd68/gluegen-rt-2.3.2-natives-android-aarch64.jar:/Users/usuario/.gradle/caches/modules-2/files-2.1/org.jogamp.gluegen/gluegen-rt/2.3.2/2130295b94ef5c19f85fb4ba6107ca193e987858/gluegen-rt-2.3.2-natives-android-armv6.jar:/Users/usuario/.gradle/caches/modules-2/files-2.1/org.jogamp.gluegen/gluegen-rt/2.3.2/477a6bc4f9256d8c9935b75d55e2b7b01314440b/gluegen-rt-2.3.2-natives-linux-amd64.jar:/Users/usuario/.gradle/caches/modules-2/files-2.1/org.jogamp.gluegen/gluegen-rt/2.3.2/c55cd566d98d4fcd004b9aaa2c502c8c2dcec192/gluegen-rt-2.3.2-natives-linux-armv6.jar:/Users/usuario/.gradle/caches/modules-2/files-2.1/org.jogamp.gluegen/gluegen-rt/2.3.2/
Launcher Type: SUN_STANDARD

Environment Variables:
PATH=/usr/local/bin:/usr/bin:/bin:/usr/sbin:/sbin
SHELL=/bin/zsh

Signal Handlers:
SIGSEGV: [libjvm.dylib+0x5776a7], sa_mask[0]=11111111011111110111111111111111, sa_flags=SA_ONSTACK|SA_RESTART|SA_SIGINFO
SIGBUS: [libjvm.dylib+0x5776a7], sa_mask[0]=11111111011111110111111111111111, sa_flags=SA_RESTART|SA_SIGINFO
SIGFPE: [libjvm.dylib+0x470e1b], sa_mask[0]=11111111011111110111111111111111, sa_flags=SA_RESTART|SA_SIGINFO
SIGPIPE: [libjvm.dylib+0x470e1b], sa_mask[0]=11111111011111110111111111111111, sa_flags=SA_RESTART|SA_SIGINFO
SIGXFSZ: [libjvm.dylib+0x470e1b], sa_mask[0]=11111111011111110111111111111111, sa_flags=SA_RESTART|SA_SIGINFO
SIGILL: [libjvm.dylib+0x470e1b], sa_mask[0]=11111111011111110111111111111111, sa_flags=SA_RESTART|SA_SIGINFO
SIGUSR1: SIG_DFL, sa_mask[0]=00000000000000000000000000000000, sa_flags=none
SIGUSR2: [libjvm.dylib+0x4716fa], sa_mask[0]=00100000000000000000000000000000, sa_flags=SA_RESTART|SA_SIGINFO
SIGHUP: [libjvm.dylib+0x46f8c3], sa_mask[0]=11111111011111110111111111111111, sa_flags=SA_RESTART|SA_SIGINFO
SIGINT: [libjvm.dylib+0x46f8c3], sa_mask[0]=11111111011111110111111111111111, sa_flags=SA_RESTART|SA_SIGINFO
SIGTERM: [libjvm.dylib+0x46f8c3], sa_mask[0]=11111111011111110111111111111111, sa_flags=SA_RESTART|SA_SIGINFO
SIGQUIT: [libjvm.dylib+0x46f8c3], sa_mask[0]=11111111011111110111111111111111, sa_flags=SA_RESTART|SA_SIGINFO


---------------  S Y S T E M  ---------------

OS:Bsduname:Darwin 21.6.0 Darwin Kernel Version 21.6.0: Mon Aug 22 20:17:10 PDT 2022; root:xnu-8020.140.49~2/RELEASE_X86_64 x86_64
rlimit: STACK 8192k, CORE 0k, NPROC 1392, NOFILE 10240, AS infinity
load average:3.72 2.80 2.60

CPU:total 8 (initial active 8) (4 cores per cpu, 2 threads per core) family 6 model 126 stepping 5, cmov, cx8, fxsr, mmx, sse, sse2, sse3, ssse3, sse4.1, sse4.2, popcnt, avx, avx2, aes, clmul, erms, 3dnowpref, lzcnt, ht, tsc, tscinvbit, bmi1, bmi2, adx

Memory: 4k page, physical 8388608k(55536k free)

/proc/meminfo:


vm_info: OpenJDK 64-Bit Server VM (25.392-b08) for bsd-amd64 JRE (1.8.0_392-b08), built on Oct 16 2023 21:51:56 by "ec2-user" with gcc Apple LLVM 13.0.0 (clang-1300.0.29.30)

time: Sun Nov  5 18:35:19 2023
timezone: CET
elapsed time: 1.428439 seconds (0d 0h 0m 1s)

